<?xml version="1.0" encoding="UTF-8"?>
<testsuite name="Command line test"
           tests="1"
           failures="1"
           errors="0"
           skipped="0"
           time="18.291">
    <properties></properties>

            <testcase
                name="register"
                time="18.291"
                classname="com.tests.browser">

            <failure type="com.microsoft.playwright.PlaywrightException" message="Error {
  message=&apos;net::ERR_SSL_PROTOCOL_ERROR at http://playwright.dev/
=========================== logs ===========================
navigating to &quot;http://playwright.dev/&quot;, waiting until &quot;load&quot;
============================================================
  name=&apos;Error
  stack=&apos;Error: net::ERR_SSL_PROTOCOL_ERROR at http://playwright.dev/
=========================== logs ===========================
navigating to &quot;http://playwright.dev/&quot;, waiting until &quot;load&quot;
============================================================
    at FrameSession._navigate (C:\Users\DIVYAB~1.SEL\AppData\Local\Temp\playwright-java-6779444194254245696\package\lib\server\chromium\crPage.js:638:35)
    at async Frame._gotoAction (C:\Users\DIVYAB~1.SEL\AppData\Local\Temp\playwright-java-6779444194254245696\package\lib\server\frames.js:732:28)
    at async ProgressController.run (C:\Users\DIVYAB~1.SEL\AppData\Local\Temp\playwright-java-6779444194254245696\package\lib\server\progress.js:101:22)
    at async FrameDispatcher.goto (C:\Users\DIVYAB~1.SEL\AppData\Local\Temp\playwright-java-6779444194254245696\package\lib\server\dispatchers\frameDispatcher.js:87:59)
    at async DispatcherConnection.dispatch (C:\Users\DIVYAB~1.SEL\AppData\Local\Temp\playwright-java-6779444194254245696\package\lib\server\dispatchers\dispatcher.js:397:22)
}">
                <![CDATA[com.microsoft.playwright.PlaywrightException: Error {
  message='net::ERR_SSL_PROTOCOL_ERROR at http://playwright.dev/
=========================== logs ===========================
navigating to "http://playwright.dev/", waiting until "load"
============================================================
  name='Error
  stack='Error: net::ERR_SSL_PROTOCOL_ERROR at http://playwright.dev/
=========================== logs ===========================
navigating to "http://playwright.dev/", waiting until "load"
============================================================
    at FrameSession._navigate (C:\Users\DIVYAB~1.SEL\AppData\Local\Temp\playwright-java-6779444194254245696\package\lib\server\chromium\crPage.js:638:35)
    at async Frame._gotoAction (C:\Users\DIVYAB~1.SEL\AppData\Local\Temp\playwright-java-6779444194254245696\package\lib\server\frames.js:732:28)
    at async ProgressController.run (C:\Users\DIVYAB~1.SEL\AppData\Local\Temp\playwright-java-6779444194254245696\package\lib\server\progress.js:101:22)
    at async FrameDispatcher.goto (C:\Users\DIVYAB~1.SEL\AppData\Local\Temp\playwright-java-6779444194254245696\package\lib\server\dispatchers\frameDispatcher.js:87:59)
    at async DispatcherConnection.dispatch (C:\Users\DIVYAB~1.SEL\AppData\Local\Temp\playwright-java-6779444194254245696\package\lib\server\dispatchers\dispatcher.js:397:22)
}
                com.microsoft.playwright.impl.WaitableResult.get(WaitableResult.java:54)com.microsoft.playwright.impl.ChannelOwner.runUntil(ChannelOwner.java:109)com.microsoft.playwright.impl.Connection.sendMessage(Connection.java:108)com.microsoft.playwright.impl.ChannelOwner.sendMessage(ChannelOwner.java:100)com.microsoft.playwright.impl.FrameImpl.navigateImpl(FrameImpl.java:401)com.microsoft.playwright.impl.PageImpl.lambda$navigate$32(PageImpl.java:800)com.microsoft.playwright.impl.LoggingSupport.withLogging(LoggingSupport.java:47)com.microsoft.playwright.impl.ChannelOwner.withLogging(ChannelOwner.java:85)com.microsoft.playwright.impl.PageImpl.navigate(PageImpl.java:800)com.microsoft.playwright.impl.PageImpl.navigate(PageImpl.java:41)com.microsoft.playwright.Page.navigate(Page.java:4309)com.tests.browser.register(browser.java:23)java.base/jdk.internal.reflect.DirectMethodHandleAccessor.invoke(DirectMethodHandleAccessor.java:104)java.base/java.lang.reflect.Method.invoke(Method.java:578)org.testng.internal.MethodInvocationHelper.invokeMethod(MethodInvocationHelper.java:133)org.testng.internal.TestInvoker.invokeMethod(TestInvoker.java:598)org.testng.internal.TestInvoker.invokeTestMethod(TestInvoker.java:173)org.testng.internal.MethodRunner.runInSequence(MethodRunner.java:46)org.testng.internal.TestInvoker$MethodInvocationAgent.invoke(TestInvoker.java:824)org.testng.internal.TestInvoker.invokeTestMethods(TestInvoker.java:146)org.testng.internal.TestMethodWorker.invokeTestMethods(TestMethodWorker.java:146)org.testng.internal.TestMethodWorker.run(TestMethodWorker.java:128)java.base/java.util.ArrayList.forEach(ArrayList.java:1511)org.testng.TestRunner.privateRun(TestRunner.java:794)org.testng.TestRunner.run(TestRunner.java:596)org.testng.SuiteRunner.runTest(SuiteRunner.java:377)org.testng.SuiteRunner.runSequentially(SuiteRunner.java:371)org.testng.SuiteRunner.privateRun(SuiteRunner.java:332)org.testng.SuiteRunner.run(SuiteRunner.java:276)org.testng.SuiteRunnerWorker.runSuite(SuiteRunnerWorker.java:53)org.testng.SuiteRunnerWorker.run(SuiteRunnerWorker.java:96)org.testng.TestNG.runSuitesSequentially(TestNG.java:1212)org.testng.TestNG.runSuitesLocally(TestNG.java:1134)org.testng.TestNG.runSuites(TestNG.java:1063)org.testng.TestNG.run(TestNG.java:1031)com.tests.TestRunnerJar.main(TestRunnerJar.java:17)
                    Caused by: com.microsoft.playwright.impl.DriverException: Error {
  message='net::ERR_SSL_PROTOCOL_ERROR at http://playwright.dev/
=========================== logs ===========================
navigating to "http://playwright.dev/", waiting until "load"
============================================================
  name='Error
  stack='Error: net::ERR_SSL_PROTOCOL_ERROR at http://playwright.dev/
=========================== logs ===========================
navigating to "http://playwright.dev/", waiting until "load"
============================================================
    at FrameSession._navigate (C:\Users\DIVYAB~1.SEL\AppData\Local\Temp\playwright-java-6779444194254245696\package\lib\server\chromium\crPage.js:638:35)
    at async Frame._gotoAction (C:\Users\DIVYAB~1.SEL\AppData\Local\Temp\playwright-java-6779444194254245696\package\lib\server\frames.js:732:28)
    at async ProgressController.run (C:\Users\DIVYAB~1.SEL\AppData\Local\Temp\playwright-java-6779444194254245696\package\lib\server\progress.js:101:22)
    at async FrameDispatcher.goto (C:\Users\DIVYAB~1.SEL\AppData\Local\Temp\playwright-java-6779444194254245696\package\lib\server\dispatchers\frameDispatcher.js:87:59)
    at async DispatcherConnection.dispatch (C:\Users\DIVYAB~1.SEL\AppData\Local\Temp\playwright-java-6779444194254245696\package\lib\server\dispatchers\dispatcher.js:397:22)
}
                    com.microsoft.playwright.impl.Connection.dispatch(Connection.java:190)com.microsoft.playwright.impl.Connection.processOneMessage(Connection.java:170)com.microsoft.playwright.impl.ChannelOwner.runUntil(ChannelOwner.java:107)com.microsoft.playwright.impl.Connection.sendMessage(Connection.java:108)com.microsoft.playwright.impl.ChannelOwner.sendMessage(ChannelOwner.java:100)com.microsoft.playwright.impl.FrameImpl.navigateImpl(FrameImpl.java:401)com.microsoft.playwright.impl.PageImpl.lambda$navigate$32(PageImpl.java:800)com.microsoft.playwright.impl.LoggingSupport.withLogging(LoggingSupport.java:47)com.microsoft.playwright.impl.ChannelOwner.withLogging(ChannelOwner.java:85)com.microsoft.playwright.impl.PageImpl.navigate(PageImpl.java:800)com.microsoft.playwright.impl.PageImpl.navigate(PageImpl.java:41)com.microsoft.playwright.Page.navigate(Page.java:4309)com.tests.browser.register(browser.java:23)java.base/jdk.internal.reflect.DirectMethodHandleAccessor.invoke(DirectMethodHandleAccessor.java:104)java.base/java.lang.reflect.Method.invoke(Method.java:578)org.testng.internal.MethodInvocationHelper.invokeMethod(MethodInvocationHelper.java:133)org.testng.internal.TestInvoker.invokeMethod(TestInvoker.java:598)org.testng.internal.TestInvoker.invokeTestMethod(TestInvoker.java:173)org.testng.internal.MethodRunner.runInSequence(MethodRunner.java:46)org.testng.internal.TestInvoker$MethodInvocationAgent.invoke(TestInvoker.java:824)org.testng.internal.TestInvoker.invokeTestMethods(TestInvoker.java:146)org.testng.internal.TestMethodWorker.invokeTestMethods(TestMethodWorker.java:146)org.testng.internal.TestMethodWorker.run(TestMethodWorker.java:128)java.base/java.util.ArrayList.forEach(ArrayList.java:1511)org.testng.TestRunner.privateRun(TestRunner.java:794)org.testng.TestRunner.run(TestRunner.java:596)org.testng.SuiteRunner.runTest(SuiteRunner.java:377)org.testng.SuiteRunner.runSequentially(SuiteRunner.java:371)org.testng.SuiteRunner.privateRun(SuiteRunner.java:332)org.testng.SuiteRunner.run(SuiteRunner.java:276)org.testng.SuiteRunnerWorker.runSuite(SuiteRunnerWorker.java:53)org.testng.SuiteRunnerWorker.run(SuiteRunnerWorker.java:96)org.testng.TestNG.runSuitesSequentially(TestNG.java:1212)org.testng.TestNG.runSuitesLocally(TestNG.java:1134)org.testng.TestNG.runSuites(TestNG.java:1063)org.testng.TestNG.run(TestNG.java:1031)com.tests.TestRunnerJar.main(TestRunnerJar.java:17)
                ]]>
            </failure>
    </testcase>


</testsuite>
